# JRE version: Java(TM) SE Runtime Environment (17.0.1+12) (build 17.0.1+12-LTS-39)
# Java VM: Java HotSpot(TM) 64-Bit Server VM (17.0.1+12-LTS-39, mixed mode, sharing, tiered, compressed oops, compressed class ptrs, g1 gc, windows-amd64)
GC Precious Log:
 CPUs: 6 total, 6 available
 Memory: 7971M
 Large Page Support: Disabled
 NUMA Support: Disabled
 Compressed Oops: Enabled (32-bit)
 Heap Region Size: 1M
 Heap Min Capacity: 256M
 Heap Initial Capacity: 256M
 Heap Max Capacity: 512M
 Pre-touch: Disabled
 Parallel Workers: 6
 Concurrent Workers: 2
 Concurrent Refinement Workers: 6
 Periodic GC: Disabled
Heap:
 garbage-first heap   total 262144K, used 49588K [0x00000000e0000000, 0x0000000100000000)
  region size 1024K, 28 young (28672K), 9 survivors (9216K)
 Metaspace       used 37417K, committed 37888K, reserved 253952K
  class space    used 5218K, committed 5440K, reserved 212992K
GC Heap History (8 events):
Event: 3.841 GC heap before
{Heap before GC invocations=0 (full 0):
 garbage-first heap   total 262144K, used 24576K [0x00000000e0000000, 0x0000000100000000)
  region size 1024K, 21 young (21504K), 0 survivors (0K)
 Metaspace       used 2911K, committed 3072K, reserved 221184K
  class space    used 373K, committed 448K, reserved 212992K
}
Event: 3.856 GC heap after
{Heap after GC invocations=1 (full 0):
 garbage-first heap   total 262144K, used 10578K [0x00000000e0000000, 0x0000000100000000)
  region size 1024K, 3 young (3072K), 3 survivors (3072K)
 Metaspace       used 2911K, committed 3072K, reserved 221184K
  class space    used 373K, committed 448K, reserved 212992K
}
Event: 5.357 GC heap before
{Heap before GC invocations=1 (full 0):
 garbage-first heap   total 262144K, used 33106K [0x00000000e0000000, 0x0000000100000000)
  region size 1024K, 26 young (26624K), 3 survivors (3072K)
 Metaspace       used 3878K, committed 4032K, reserved 221184K
  class space    used 476K, committed 576K, reserved 212992K
}
Event: 5.360 GC heap after
{Heap after GC invocations=2 (full 0):
 garbage-first heap   total 262144K, used 11562K [0x00000000e0000000, 0x0000000100000000)
  region size 1024K, 1 young (1024K), 1 survivors (1024K)
 Metaspace       used 3878K, committed 4032K, reserved 221184K
  class space    used 476K, committed 576K, reserved 212992K
}
Event: 13.662 GC heap before
{Heap before GC invocations=2 (full 0):
 garbage-first heap   total 262144K, used 128298K [0x00000000e0000000, 0x0000000100000000)
  region size 1024K, 116 young (118784K), 1 survivors (1024K)
 Metaspace       used 21168K, committed 21504K, reserved 237568K
  class space    used 3172K, committed 3328K, reserved 212992K
}
Event: 13.681 GC heap after
{Heap after GC invocations=3 (full 0):
 garbage-first heap   total 262144K, used 22557K [0x00000000e0000000, 0x0000000100000000)
  region size 1024K, 12 young (12288K), 12 survivors (12288K)
 Metaspace       used 21168K, committed 21504K, reserved 237568K
  class space    used 3172K, committed 3328K, reserved 212992K
}
Event: 19.957 GC heap before
{Heap before GC invocations=4 (full 0):
 garbage-first heap   total 262144K, used 122909K [0x00000000e0000000, 0x0000000100000000)
  region size 1024K, 108 young (110592K), 12 survivors (12288K)
 Metaspace       used 35613K, committed 35968K, reserved 245760K
  class space    used 4890K, committed 5056K, reserved 212992K
}
Event: 19.976 GC heap after
{Heap after GC invocations=5 (full 0):
 garbage-first heap   total 262144K, used 31156K [0x00000000e0000000, 0x0000000100000000)
  region size 1024K, 9 young (9216K), 9 survivors (9216K)
 Metaspace       used 35613K, committed 35968K, reserved 245760K
  class space    used 4890K, committed 5056K, reserved 212992K
}

