# JRE version: Java(TM) SE Runtime Environment (17.0.1+12) (build 17.0.1+12-LTS-39)
# Java VM: Java HotSpot(TM) 64-Bit Server VM (17.0.1+12-LTS-39, mixed mode, sharing, tiered, compressed oops, compressed class ptrs, g1 gc, windows-amd64)
GC Precious Log:
 CPUs: 6 total, 6 available
 Memory: 7971M
 Large Page Support: Disabled
 NUMA Support: Disabled
 Compressed Oops: Enabled (32-bit)
 Heap Region Size: 1M
 Heap Min Capacity: 256M
 Heap Initial Capacity: 256M
 Heap Max Capacity: 512M
 Pre-touch: Disabled
 Parallel Workers: 6
 Concurrent Workers: 2
 Concurrent Refinement Workers: 6
 Periodic GC: Disabled
Heap:
 garbage-first heap   total 262144K, used 201389K [0x00000000e0000000, 0x0000000100000000)
  region size 1024K, 119 young (121856K), 7 survivors (7168K)
 Metaspace       used 54164K, committed 54848K, reserved 262144K
  class space    used 7631K, committed 7936K, reserved 212992K
GC Heap History (20 events):
Event: 73.404 GC heap before
{Heap before GC invocations=11 (full 0):
 garbage-first heap   total 262144K, used 211448K [0x00000000e0000000, 0x0000000100000000)
  region size 1024K, 137 young (140288K), 8 survivors (8192K)
 Metaspace       used 53746K, committed 54336K, reserved 262144K
  class space    used 7588K, committed 7872K, reserved 212992K
}
Event: 73.410 GC heap after
{Heap after GC invocations=12 (full 0):
 garbage-first heap   total 262144K, used 80442K [0x00000000e0000000, 0x0000000100000000)
  region size 1024K, 9 young (9216K), 9 survivors (9216K)
 Metaspace       used 53746K, committed 54336K, reserved 262144K
  class space    used 7588K, committed 7872K, reserved 212992K
}
Event: 74.114 GC heap before
{Heap before GC invocations=12 (full 0):
 garbage-first heap   total 262144K, used 217658K [0x00000000e0000000, 0x0000000100000000)
  region size 1024K, 141 young (144384K), 9 survivors (9216K)
 Metaspace       used 53753K, committed 54336K, reserved 262144K
  class space    used 7588K, committed 7872K, reserved 212992K
}
Event: 74.121 GC heap after
{Heap after GC invocations=13 (full 0):
 garbage-first heap   total 262144K, used 81659K [0x00000000e0000000, 0x0000000100000000)
  region size 1024K, 10 young (10240K), 10 survivors (10240K)
 Metaspace       used 53753K, committed 54336K, reserved 262144K
  class space    used 7588K, committed 7872K, reserved 212992K
}
Event: 74.683 GC heap before
{Heap before GC invocations=13 (full 0):
 garbage-first heap   total 262144K, used 218875K [0x00000000e0000000, 0x0000000100000000)
  region size 1024K, 144 young (147456K), 10 survivors (10240K)
 Metaspace       used 53753K, committed 54336K, reserved 262144K
  class space    used 7588K, committed 7872K, reserved 212992K
}
Event: 74.692 GC heap after
{Heap after GC invocations=14 (full 0):
 garbage-first heap   total 262144K, used 84212K [0x00000000e0000000, 0x0000000100000000)
  region size 1024K, 6 young (6144K), 6 survivors (6144K)
 Metaspace       used 53753K, committed 54336K, reserved 262144K
  class space    used 7588K, committed 7872K, reserved 212992K
}
Event: 75.258 GC heap before
{Heap before GC invocations=14 (full 0):
 garbage-first heap   total 262144K, used 220404K [0x00000000e0000000, 0x0000000100000000)
  region size 1024K, 140 young (143360K), 6 survivors (6144K)
 Metaspace       used 53754K, committed 54336K, reserved 262144K
  class space    used 7588K, committed 7872K, reserved 212992K
}
Event: 75.263 GC heap after
{Heap after GC invocations=15 (full 0):
 garbage-first heap   total 262144K, used 85224K [0x00000000e0000000, 0x0000000100000000)
  region size 1024K, 7 young (7168K), 7 survivors (7168K)
 Metaspace       used 53754K, committed 54336K, reserved 262144K
  class space    used 7588K, committed 7872K, reserved 212992K
}
Event: 78.101 GC heap before
{Heap before GC invocations=15 (full 0):
 garbage-first heap   total 262144K, used 227560K [0x00000000e0000000, 0x0000000100000000)
  region size 1024K, 142 young (145408K), 7 survivors (7168K)
 Metaspace       used 53867K, committed 54528K, reserved 262144K
  class space    used 7605K, committed 7936K, reserved 212992K
}
Event: 78.104 GC heap after
{Heap after GC invocations=16 (full 0):
 garbage-first heap   total 262144K, used 81010K [0x00000000e0000000, 0x0000000100000000)
  region size 1024K, 3 young (3072K), 3 survivors (3072K)
 Metaspace       used 53867K, committed 54528K, reserved 262144K
  class space    used 7605K, committed 7936K, reserved 212992K
}
Event: 79.535 GC heap before
{Heap before GC invocations=16 (full 0):
 garbage-first heap   total 262144K, used 226418K [0x00000000e0000000, 0x0000000100000000)
  region size 1024K, 143 young (146432K), 3 survivors (3072K)
 Metaspace       used 54010K, committed 54656K, reserved 262144K
  class space    used 7613K, committed 7936K, reserved 212992K
}
Event: 79.539 GC heap after
{Heap after GC invocations=17 (full 0):
 garbage-first heap   total 262144K, used 80870K [0x00000000e0000000, 0x0000000100000000)
  region size 1024K, 3 young (3072K), 3 survivors (3072K)
 Metaspace       used 54010K, committed 54656K, reserved 262144K
  class space    used 7613K, committed 7936K, reserved 212992K
}
Event: 80.433 GC heap before
{Heap before GC invocations=17 (full 0):
 garbage-first heap   total 262144K, used 223206K [0x00000000e0000000, 0x0000000100000000)
  region size 1024K, 143 young (146432K), 3 survivors (3072K)
 Metaspace       used 54158K, committed 54848K, reserved 262144K
  class space    used 7630K, committed 7936K, reserved 212992K
}
Event: 80.436 GC heap after
{Heap after GC invocations=18 (full 0):
 garbage-first heap   total 262144K, used 81558K [0x00000000e0000000, 0x0000000100000000)
  region size 1024K, 4 young (4096K), 4 survivors (4096K)
 Metaspace       used 54158K, committed 54848K, reserved 262144K
  class space    used 7630K, committed 7936K, reserved 212992K
}
Event: 82.433 GC heap before
{Heap before GC invocations=18 (full 0):
 garbage-first heap   total 262144K, used 231062K [0x00000000e0000000, 0x0000000100000000)
  region size 1024K, 144 young (147456K), 4 survivors (4096K)
 Metaspace       used 54159K, committed 54848K, reserved 262144K
  class space    used 7631K, committed 7936K, reserved 212992K
}
Event: 82.436 GC heap after
{Heap after GC invocations=19 (full 0):
 garbage-first heap   total 262144K, used 85092K [0x00000000e0000000, 0x0000000100000000)
  region size 1024K, 4 young (4096K), 4 survivors (4096K)
 Metaspace       used 54159K, committed 54848K, reserved 262144K
  class space    used 7631K, committed 7936K, reserved 212992K
}
Event: 82.836 GC heap before
{Heap before GC invocations=19 (full 0):
 garbage-first heap   total 262144K, used 226404K [0x00000000e0000000, 0x0000000100000000)
  region size 1024K, 142 young (145408K), 4 survivors (4096K)
 Metaspace       used 54160K, committed 54848K, reserved 262144K
  class space    used 7631K, committed 7936K, reserved 212992K
}
Event: 82.840 GC heap after
{Heap after GC invocations=20 (full 0):
 garbage-first heap   total 262144K, used 86135K [0x00000000e0000000, 0x0000000100000000)
  region size 1024K, 5 young (5120K), 5 survivors (5120K)
 Metaspace       used 54160K, committed 54848K, reserved 262144K
  class space    used 7631K, committed 7936K, reserved 212992K
}
Event: 83.301 GC heap before
{Heap before GC invocations=20 (full 0):
 garbage-first heap   total 262144K, used 228471K [0x00000000e0000000, 0x0000000100000000)
  region size 1024K, 143 young (146432K), 5 survivors (5120K)
 Metaspace       used 54164K, committed 54848K, reserved 262144K
  class space    used 7631K, committed 7936K, reserved 212992K
}
Event: 83.306 GC heap after
{Heap after GC invocations=21 (full 0):
 garbage-first heap   total 262144K, used 87725K [0x00000000e0000000, 0x0000000100000000)
  region size 1024K, 7 young (7168K), 7 survivors (7168K)
 Metaspace       used 54164K, committed 54848K, reserved 262144K
  class space    used 7631K, committed 7936K, reserved 212992K
}

