# JRE version: Java(TM) SE Runtime Environment (17.0.1+12) (build 17.0.1+12-LTS-39)
# Java VM: Java HotSpot(TM) 64-Bit Server VM (17.0.1+12-LTS-39, mixed mode, sharing, tiered, compressed oops, compressed class ptrs, g1 gc, windows-amd64)
GC Precious Log:
 CPUs: 6 total, 6 available
 Memory: 7971M
 Large Page Support: Disabled
 NUMA Support: Disabled
 Compressed Oops: Enabled (32-bit)
 Heap Region Size: 1M
 Heap Min Capacity: 256M
 Heap Initial Capacity: 256M
 Heap Max Capacity: 512M
 Pre-touch: Disabled
 Parallel Workers: 6
 Concurrent Workers: 2
 Concurrent Refinement Workers: 6
 Periodic GC: Disabled
Heap:
 garbage-first heap   total 262144K, used 165888K [0x00000000e0000000, 0x0000000100000000)
  region size 1024K, 73 young (74752K), 17 survivors (17408K)
 Metaspace       used 54619K, committed 55232K, reserved 262144K
  class space    used 7601K, committed 7872K, reserved 212992K
GC Heap History (10 events):
Event: 4.280 GC heap before
{Heap before GC invocations=0 (full 0):
 garbage-first heap   total 262144K, used 24576K [0x00000000e0000000, 0x0000000100000000)
  region size 1024K, 21 young (21504K), 0 survivors (0K)
 Metaspace       used 2918K, committed 3072K, reserved 221184K
  class space    used 373K, committed 448K, reserved 212992K
}
Event: 4.304 GC heap after
{Heap after GC invocations=1 (full 0):
 garbage-first heap   total 262144K, used 10036K [0x00000000e0000000, 0x0000000100000000)
  region size 1024K, 3 young (3072K), 3 survivors (3072K)
 Metaspace       used 2918K, committed 3072K, reserved 221184K
  class space    used 373K, committed 448K, reserved 212992K
}
Event: 5.211 GC heap before
{Heap before GC invocations=1 (full 0):
 garbage-first heap   total 262144K, used 32564K [0x00000000e0000000, 0x0000000100000000)
  region size 1024K, 25 young (25600K), 3 survivors (3072K)
 Metaspace       used 3870K, committed 4032K, reserved 221184K
  class space    used 476K, committed 576K, reserved 212992K
}
Event: 5.214 GC heap after
{Heap after GC invocations=2 (full 0):
 garbage-first heap   total 262144K, used 10746K [0x00000000e0000000, 0x0000000100000000)
  region size 1024K, 1 young (1024K), 1 survivors (1024K)
 Metaspace       used 3870K, committed 4032K, reserved 221184K
  class space    used 476K, committed 576K, reserved 212992K
}
Event: 31.435 GC heap before
{Heap before GC invocations=2 (full 0):
 garbage-first heap   total 262144K, used 157178K [0x00000000e0000000, 0x0000000100000000)
  region size 1024K, 118 young (120832K), 1 survivors (1024K)
 Metaspace       used 21186K, committed 21504K, reserved 237568K
  class space    used 3159K, committed 3328K, reserved 212992K
}
Event: 31.448 GC heap after
{Heap after GC invocations=3 (full 0):
 garbage-first heap   total 262144K, used 51914K [0x00000000e0000000, 0x0000000100000000)
  region size 1024K, 14 young (14336K), 14 survivors (14336K)
 Metaspace       used 21186K, committed 21504K, reserved 237568K
  class space    used 3159K, committed 3328K, reserved 212992K
}
Event: 34.005 GC heap before
{Heap before GC invocations=4 (full 0):
 garbage-first heap   total 262144K, used 156362K [0x00000000e0000000, 0x0000000100000000)
  region size 1024K, 115 young (117760K), 14 survivors (14336K)
 Metaspace       used 35611K, committed 35968K, reserved 245760K
  class space    used 4965K, committed 5120K, reserved 212992K
}
Event: 34.025 GC heap after
{Heap after GC invocations=5 (full 0):
 garbage-first heap   total 262144K, used 60949K [0x00000000e0000000, 0x0000000100000000)
  region size 1024K, 9 young (9216K), 9 survivors (9216K)
 Metaspace       used 35611K, committed 35968K, reserved 245760K
  class space    used 4965K, committed 5120K, reserved 212992K
}
Event: 51.548 GC heap before
{Heap before GC invocations=6 (full 0):
 garbage-first heap   total 262144K, used 219669K [0x00000000e0000000, 0x0000000100000000)
  region size 1024K, 132 young (135168K), 9 survivors (9216K)
 Metaspace       used 48915K, committed 49536K, reserved 262144K
  class space    used 6889K, committed 7168K, reserved 212992K
}
Event: 51.567 GC heap after
{Heap after GC invocations=7 (full 0):
 garbage-first heap   total 262144K, used 108544K [0x00000000e0000000, 0x0000000100000000)
  region size 1024K, 17 young (17408K), 17 survivors (17408K)
 Metaspace       used 48915K, committed 49536K, reserved 262144K
  class space    used 6889K, committed 7168K, reserved 212992K
}

