# JRE version: Java(TM) SE Runtime Environment (17.0.1+12) (build 17.0.1+12-LTS-39)
# Java VM: Java HotSpot(TM) 64-Bit Server VM (17.0.1+12-LTS-39, mixed mode, sharing, tiered, compressed oops, compressed class ptrs, g1 gc, windows-amd64)
GC Precious Log:
 CPUs: 6 total, 6 available
 Memory: 7971M
 Large Page Support: Disabled
 NUMA Support: Disabled
 Compressed Oops: Enabled (32-bit)
 Heap Region Size: 1M
 Heap Min Capacity: 256M
 Heap Initial Capacity: 256M
 Heap Max Capacity: 512M
 Pre-touch: Disabled
 Parallel Workers: 6
 Concurrent Workers: 2
 Concurrent Refinement Workers: 6
 Periodic GC: Disabled
Heap:
 garbage-first heap   total 393216K, used 193802K [0x00000000e0000000, 0x0000000100000000)
  region size 1024K, 9 young (9216K), 3 survivors (3072K)
 Metaspace       used 117145K, committed 119040K, reserved 319488K
  class space    used 15295K, committed 16192K, reserved 212992K
GC Heap History (20 events):
Event: 4354.920 GC heap before
{Heap before GC invocations=84 (full 0):
 garbage-first heap   total 262144K, used 214276K [0x00000000e0000000, 0x0000000100000000)
  region size 1024K, 45 young (46080K), 4 survivors (4096K)
 Metaspace       used 95458K, committed 96960K, reserved 303104K
  class space    used 12552K, committed 13248K, reserved 212992K
}
Event: 4354.940 GC heap after
{Heap after GC invocations=85 (full 0):
 garbage-first heap   total 262144K, used 178680K [0x00000000e0000000, 0x0000000100000000)
  region size 1024K, 6 young (6144K), 6 survivors (6144K)
 Metaspace       used 95458K, committed 96960K, reserved 303104K
  class space    used 12552K, committed 13248K, reserved 212992K
}
Event: 4355.984 GC heap before
{Heap before GC invocations=85 (full 0):
 garbage-first heap   total 262144K, used 217592K [0x00000000e0000000, 0x0000000100000000)
  region size 1024K, 44 young (45056K), 6 survivors (6144K)
 Metaspace       used 99399K, committed 100992K, reserved 303104K
  class space    used 12957K, committed 13696K, reserved 212992K
}
Event: 4356.000 GC heap after
{Heap after GC invocations=86 (full 0):
 garbage-first heap   total 262144K, used 182286K [0x00000000e0000000, 0x0000000100000000)
  region size 1024K, 4 young (4096K), 4 survivors (4096K)
 Metaspace       used 99399K, committed 100992K, reserved 303104K
  class space    used 12957K, committed 13696K, reserved 212992K
}
Event: 4512.300 GC heap before
{Heap before GC invocations=86 (full 0):
 garbage-first heap   total 262144K, used 218126K [0x00000000e0000000, 0x0000000100000000)
  region size 1024K, 40 young (40960K), 4 survivors (4096K)
 Metaspace       used 102468K, committed 104256K, reserved 311296K
  class space    used 13351K, committed 14208K, reserved 212992K
}
Event: 4512.325 GC heap after
{Heap after GC invocations=87 (full 0):
 garbage-first heap   total 262144K, used 186350K [0x00000000e0000000, 0x0000000100000000)
  region size 1024K, 4 young (4096K), 4 survivors (4096K)
 Metaspace       used 102468K, committed 104256K, reserved 311296K
  class space    used 13351K, committed 14208K, reserved 212992K
}
Event: 4529.236 GC heap before
{Heap before GC invocations=88 (full 0):
 garbage-first heap   total 321536K, used 216046K [0x00000000e0000000, 0x0000000100000000)
  region size 1024K, 34 young (34816K), 4 survivors (4096K)
 Metaspace       used 102726K, committed 104704K, reserved 311296K
  class space    used 13368K, committed 14272K, reserved 212992K
}
Event: 4529.250 GC heap after
{Heap after GC invocations=89 (full 0):
 garbage-first heap   total 321536K, used 188570K [0x00000000e0000000, 0x0000000100000000)
  region size 1024K, 4 young (4096K), 4 survivors (4096K)
 Metaspace       used 102726K, committed 104704K, reserved 311296K
  class space    used 13368K, committed 14272K, reserved 212992K
}
Event: 4530.214 GC heap before
{Heap before GC invocations=89 (full 0):
 garbage-first heap   total 321536K, used 198810K [0x00000000e0000000, 0x0000000100000000)
  region size 1024K, 15 young (15360K), 4 survivors (4096K)
 Metaspace       used 103121K, committed 104832K, reserved 311296K
  class space    used 13453K, committed 14272K, reserved 212992K
}
Event: 4530.263 GC heap after
{Heap after GC invocations=90 (full 0):
 garbage-first heap   total 321536K, used 171691K [0x00000000e0000000, 0x0000000100000000)
  region size 1024K, 2 young (2048K), 2 survivors (2048K)
 Metaspace       used 103121K, committed 104832K, reserved 311296K
  class space    used 13453K, committed 14272K, reserved 212992K
}
Event: 4534.060 GC heap before
{Heap before GC invocations=90 (full 0):
 garbage-first heap   total 321536K, used 258731K [0x00000000e0000000, 0x0000000100000000)
  region size 1024K, 88 young (90112K), 2 survivors (2048K)
 Metaspace       used 113715K, committed 115456K, reserved 319488K
  class space    used 14864K, committed 15680K, reserved 212992K
}
Event: 4534.079 GC heap after
{Heap after GC invocations=91 (full 0):
 garbage-first heap   total 321536K, used 178550K [0x00000000e0000000, 0x0000000100000000)
  region size 1024K, 9 young (9216K), 9 survivors (9216K)
 Metaspace       used 113715K, committed 115456K, reserved 319488K
  class space    used 14864K, committed 15680K, reserved 212992K
}
Event: 4534.256 GC heap before
{Heap before GC invocations=91 (full 0):
 garbage-first heap   total 321536K, used 266614K [0x00000000e0000000, 0x0000000100000000)
  region size 1024K, 91 young (93184K), 9 survivors (9216K)
 Metaspace       used 113874K, committed 115648K, reserved 319488K
  class space    used 14869K, committed 15680K, reserved 212992K
}
Event: 4534.274 GC heap after
{Heap after GC invocations=92 (full 0):
 garbage-first heap   total 321536K, used 191488K [0x00000000e0000000, 0x0000000100000000)
  region size 1024K, 12 young (12288K), 12 survivors (12288K)
 Metaspace       used 113874K, committed 115648K, reserved 319488K
  class space    used 14869K, committed 15680K, reserved 212992K
}
Event: 4534.529 GC heap before
{Heap before GC invocations=92 (full 0):
 garbage-first heap   total 321536K, used 263168K [0x00000000e0000000, 0x0000000100000000)
  region size 1024K, 83 young (84992K), 12 survivors (12288K)
 Metaspace       used 115549K, committed 117312K, reserved 319488K
  class space    used 15047K, committed 15872K, reserved 212992K
}
Event: 4534.535 GC heap after
{Heap after GC invocations=93 (full 0):
 garbage-first heap   total 321536K, used 187708K [0x00000000e0000000, 0x0000000100000000)
  region size 1024K, 2 young (2048K), 2 survivors (2048K)
 Metaspace       used 115549K, committed 117312K, reserved 319488K
  class space    used 15047K, committed 15872K, reserved 212992K
}
Event: 4534.823 GC heap before
{Heap before GC invocations=93 (full 0):
 garbage-first heap   total 321536K, used 265532K [0x00000000e0000000, 0x0000000100000000)
  region size 1024K, 79 young (80896K), 2 survivors (2048K)
 Metaspace       used 115770K, committed 117568K, reserved 319488K
  class space    used 15047K, committed 15872K, reserved 212992K
}
Event: 4534.835 GC heap after
{Heap after GC invocations=94 (full 0):
 garbage-first heap   total 321536K, used 186970K [0x00000000e0000000, 0x0000000100000000)
  region size 1024K, 2 young (2048K), 2 survivors (2048K)
 Metaspace       used 115770K, committed 117568K, reserved 319488K
  class space    used 15047K, committed 15872K, reserved 212992K
}
Event: 4542.040 GC heap before
{Heap before GC invocations=95 (full 0):
 garbage-first heap   total 393216K, used 262746K [0x00000000e0000000, 0x0000000100000000)
  region size 1024K, 77 young (78848K), 2 survivors (2048K)
 Metaspace       used 117133K, committed 119040K, reserved 319488K
  class space    used 15293K, committed 16192K, reserved 212992K
}
Event: 4542.047 GC heap after
{Heap after GC invocations=96 (full 0):
 garbage-first heap   total 393216K, used 188682K [0x00000000e0000000, 0x0000000100000000)
  region size 1024K, 3 young (3072K), 3 survivors (3072K)
 Metaspace       used 117133K, committed 119040K, reserved 319488K
  class space    used 15293K, committed 16192K, reserved 212992K
}

